[Info] (08:38:00.101)> Queens imported :
                       nbqueens : 3
                       queens :QueenMoth: <class 'Sentiant.Player.QueenMoth.QueenMoth.QueenMoth'>
                       QueenRandom: <class 'Sentiant.Player.QueenRandom.QueenRandom.QueenRandom'>
                       QueenRouge: <class 'Sentiant.Player.QueenRouge.QueenRouge.QueenRouge'>
[Info] (08:38:03.650)> NextTurn()
[Info] (08:38:03.658)> All ants =  []
[Info] (08:38:03.812)> NextTurn()
[Info] (08:38:03.819)> All ants =  [<Sentiant.Player.QueenMoth.Moth.Moth object at 0x00000260DDE4BF60>]
[Info] (08:38:03.981)> NextTurn()
[Info] (08:38:03.992)> All ants =  [<Sentiant.Player.QueenMoth.Moth.Moth object at 0x00000260DDE4BEB8>, <Sentiant.Player.QueenMoth.Moth.Moth object at 0x00000260DDE4BF60>, <Sentiant.Player.QueenRandom.AntRandom.AntRandom object at 0x00000260DDE4BFD0>]
[Info] (08:38:04.148)> NextTurn()
[Info] (08:38:04.156)> All ants =  [<Sentiant.Player.QueenMoth.Moth.Moth object at 0x00000260DDE4BEB8>, <Sentiant.Player.QueenMoth.Moth.Moth object at 0x00000260DDE4BF98>, <Sentiant.Player.QueenMoth.Moth.Moth object at 0x00000260DDE4BF60>, <Sentiant.Player.QueenRandom.AntRandom.AntRandom object at 0x00000260DDE4BFD0>]
[Info] (08:38:04.303)> NextTurn()
[Info] (08:38:04.311)> All ants =  [<Sentiant.Player.QueenMoth.Moth.Moth object at 0x00000260DDE4BEB8>, <Sentiant.Player.QueenMoth.Moth.Moth object at 0x00000260DDE4BF60>, <Sentiant.Player.QueenMoth.Moth.Moth object at 0x00000260DDE4BF98>, <Sentiant.Player.QueenRandom.AntRandom.AntRandom object at 0x00000260DDE4BFD0>]
[Info] (08:38:04.463)> NextTurn()
[Info] (08:38:04.472)> All ants =  [<Sentiant.Player.QueenMoth.Moth.Moth object at 0x00000260DDE4BEB8>, <Sentiant.Player.QueenMoth.Moth.Moth object at 0x00000260DDE4BF98>, <Sentiant.Player.QueenMoth.Moth.Moth object at 0x00000260DDE4BF60>, <Sentiant.Player.QueenRandom.AntRandom.AntRandom object at 0x00000260DDE4BFD0>, <Sentiant.Player.QueenRandom.AntRandom.AntRandom object at 0x00000260DCB6A940>]
[Info] (08:38:04.630)> NextTurn()
[Info] (08:38:04.638)> All ants =  [<Sentiant.Player.QueenMoth.Moth.Moth object at 0x00000260DDE4BEB8>, <Sentiant.Player.QueenMoth.Moth.Moth object at 0x00000260DDE4BF98>, <Sentiant.Player.QueenMoth.Moth.Moth object at 0x00000260DDE4BF60>, <Sentiant.Player.QueenRandom.AntRandom.AntRandom object at 0x00000260DDE4BFD0>, <Sentiant.Player.QueenRandom.AntRandom.AntRandom object at 0x00000260DCB6A940>]
[Info] (08:38:04.792)> NextTurn()
[Info] (08:38:04.801)> All ants =  [<Sentiant.Player.QueenMoth.Moth.Moth object at 0x00000260DDE4BEB8>, <Sentiant.Player.QueenMoth.Moth.Moth object at 0x00000260DDE4BF98>, <Sentiant.Player.QueenMoth.Moth.Moth object at 0x00000260DDE4BF60>, <Sentiant.Player.QueenRandom.AntRandom.AntRandom object at 0x00000260DDE4BFD0>, <Sentiant.Player.QueenRandom.AntRandom.AntRandom object at 0x00000260DCB6A940>]
[Info] (08:38:04.974)> NextTurn()
[Info] (08:38:04.988)> All ants =  [<Sentiant.Player.QueenMoth.Moth.Moth object at 0x00000260DDE4BEB8>, <Sentiant.Player.QueenMoth.Moth.Moth object at 0x00000260DDE4BF98>, <Sentiant.Player.QueenMoth.Moth.Moth object at 0x00000260DDE4BF60>, <Sentiant.Player.QueenRandom.AntRandom.AntRandom object at 0x00000260DDE4BFD0>, <Sentiant.Player.QueenRandom.AntRandom.AntRandom object at 0x00000260DCB6A940>]
[Info] (08:38:05.146)> NextTurn()
[Info] (08:38:05.156)> All ants =  [<Sentiant.Player.QueenMoth.Moth.Moth object at 0x00000260DDE4BEB8>, <Sentiant.Player.QueenMoth.Moth.Moth object at 0x00000260DDE4BF98>, <Sentiant.Player.QueenMoth.Moth.Moth object at 0x00000260DDE4BF60>, <Sentiant.Player.QueenRandom.AntRandom.AntRandom object at 0x00000260DDE4BFD0>, <Sentiant.Player.QueenRandom.AntRandom.AntRandom object at 0x00000260DCB6A940>]
[Info] (08:38:05.314)> NextTurn()
[Info] (08:38:05.322)> All ants =  [<Sentiant.Player.QueenMoth.Moth.Moth object at 0x00000260DDE4BEB8>, <Sentiant.Player.QueenMoth.Moth.Moth object at 0x00000260DDE4BF98>, <Sentiant.Player.QueenMoth.Moth.Moth object at 0x00000260DDE4BF60>, <Sentiant.Player.QueenRandom.AntRandom.AntRandom object at 0x00000260DDE4BFD0>, <Sentiant.Player.QueenRandom.AntRandom.AntRandom object at 0x00000260DCB6A940>]
[Info] (08:38:05.489)> NextTurn()
[Info] (08:38:05.499)> All ants =  [<Sentiant.Player.QueenMoth.Moth.Moth object at 0x00000260DDE4BEB8>, <Sentiant.Player.QueenMoth.Moth.Moth object at 0x00000260DDE4BF98>, <Sentiant.Player.QueenMoth.Moth.Moth object at 0x00000260DDE4BF60>, <Sentiant.Player.QueenRandom.AntRandom.AntRandom object at 0x00000260DDE4BFD0>, <Sentiant.Player.QueenRandom.AntRandom.AntRandom object at 0x00000260DCB6A940>]
[Info] (08:38:05.661)> NextTurn()
[Info] (08:38:05.670)> All ants =  [<Sentiant.Player.QueenMoth.Moth.Moth object at 0x00000260DDE4BEB8>, <Sentiant.Player.QueenMoth.Moth.Moth object at 0x00000260DDE4BF98>, <Sentiant.Player.QueenMoth.Moth.Moth object at 0x00000260DDE4BF60>, <Sentiant.Player.QueenRandom.AntRandom.AntRandom object at 0x00000260DDE4BFD0>, <Sentiant.Player.QueenRandom.AntRandom.AntRandom object at 0x00000260DCB6A940>]
[Info] (08:38:05.828)> NextTurn()
[Info] (08:38:05.837)> All ants =  [<Sentiant.Player.QueenMoth.Moth.Moth object at 0x00000260DDE4BEB8>, <Sentiant.Player.QueenMoth.Moth.Moth object at 0x00000260DDE4BF98>, <Sentiant.Player.QueenMoth.Moth.Moth object at 0x00000260DDE4BF60>, <Sentiant.Player.QueenRandom.AntRandom.AntRandom object at 0x00000260DDE4BFD0>, <Sentiant.Player.QueenRandom.AntRandom.AntRandom object at 0x00000260DCB6A940>]
[Info] (08:38:06.002)> NextTurn()
[Info] (08:38:06.012)> All ants =  [<Sentiant.Player.QueenMoth.Moth.Moth object at 0x00000260DDE4BEB8>, <Sentiant.Player.QueenMoth.Moth.Moth object at 0x00000260DDE4BF98>, <Sentiant.Player.QueenMoth.Moth.Moth object at 0x00000260DDE4BF60>, <Sentiant.Player.QueenRandom.AntRandom.AntRandom object at 0x00000260DDE4BFD0>, <Sentiant.Player.QueenRandom.AntRandom.AntRandom object at 0x00000260DCB6A940>]
[Info] (08:38:06.188)> NextTurn()
[Info] (08:38:06.197)> All ants =  [<Sentiant.Player.QueenMoth.Moth.Moth object at 0x00000260DDE4BEB8>, <Sentiant.Player.QueenMoth.Moth.Moth object at 0x00000260DDE4BF98>, <Sentiant.Player.QueenMoth.Moth.Moth object at 0x00000260DDE4BF60>, <Sentiant.Player.QueenRandom.AntRandom.AntRandom object at 0x00000260DDE4BFD0>, <Sentiant.Player.QueenRandom.AntRandom.AntRandom object at 0x00000260DCB6A940>]
[Info] (08:38:06.364)> NextTurn()
[Info] (08:38:06.373)> All ants =  [<Sentiant.Player.QueenMoth.Moth.Moth object at 0x00000260DDE4BEB8>, <Sentiant.Player.QueenMoth.Moth.Moth object at 0x00000260DDE4BF98>, <Sentiant.Player.QueenMoth.Moth.Moth object at 0x00000260DDE4BF60>, <Sentiant.Player.QueenRandom.AntRandom.AntRandom object at 0x00000260DDE4BFD0>, <Sentiant.Player.QueenRandom.AntRandom.AntRandom object at 0x00000260DCB6A940>]
[Info] (08:38:06.540)> NextTurn()
[Info] (08:38:06.552)> All ants =  [<Sentiant.Player.QueenMoth.Moth.Moth object at 0x00000260DDE4BEB8>, <Sentiant.Player.QueenMoth.Moth.Moth object at 0x00000260DDE4BF98>, <Sentiant.Player.QueenMoth.Moth.Moth object at 0x00000260DDE4BF60>, <Sentiant.Player.QueenRandom.AntRandom.AntRandom object at 0x00000260DDE4BFD0>, <Sentiant.Player.QueenRandom.AntRandom.AntRandom object at 0x00000260DCB6A940>]
[Info] (08:38:06.708)> NextTurn()
[Info] (08:38:06.717)> All ants =  [<Sentiant.Player.QueenMoth.Moth.Moth object at 0x00000260DDE4BEB8>, <Sentiant.Player.QueenMoth.Moth.Moth object at 0x00000260DDE4BF98>, <Sentiant.Player.QueenMoth.Moth.Moth object at 0x00000260DDE4BF60>, <Sentiant.Player.QueenRandom.AntRandom.AntRandom object at 0x00000260DDE4BFD0>, <Sentiant.Player.QueenRandom.AntRandom.AntRandom object at 0x00000260DCB6A940>]
[Info] (08:38:06.841)> NextTurn()
[Info] (08:38:06.851)> All ants =  [<Sentiant.Player.QueenMoth.Moth.Moth object at 0x00000260DDE4BEB8>, <Sentiant.Player.QueenMoth.Moth.Moth object at 0x00000260DDE4BF98>, <Sentiant.Player.QueenMoth.Moth.Moth object at 0x00000260DDE4BF60>, <Sentiant.Player.QueenRandom.AntRandom.AntRandom object at 0x00000260DDE4BFD0>, <Sentiant.Player.QueenRandom.AntRandom.AntRandom object at 0x00000260DCB6A940>]
[Info] (08:38:13.393)> NextTurn()
[Info] (08:38:13.402)> All ants =  [<Sentiant.Player.QueenMoth.Moth.Moth object at 0x00000260DDE4BEB8>, <Sentiant.Player.QueenMoth.Moth.Moth object at 0x00000260DDE4BF98>, <Sentiant.Player.QueenMoth.Moth.Moth object at 0x00000260DDE4BF60>, <Sentiant.Player.QueenRandom.AntRandom.AntRandom object at 0x00000260DDE4BFD0>, <Sentiant.Player.QueenRandom.AntRandom.AntRandom object at 0x00000260DCB6A940>]
